<?xml version="1.0" encoding="UTF-8"?>
<!-- Generated by org.testng.reporters.JUnitReportReporter -->
<testsuite skipped="0" hostname="ip-172-31-22-187" name="RestAPI.GetRequest" tests="1" failures="0" timestamp="07 Dec 2021 09:22:37 GMT" time="1.675" errors="0">
  <testcase name="GetCall" time="1.675" classname="RestAPI.GetRequest"/>
</testsuite> <!-- RestAPI.GetRequest -->
