<?xml version="1.0" encoding="UTF-8"?>
<!-- Generated by org.testng.reporters.JUnitReportReporter -->
<testsuite skipped="0" hostname="ip-172-31-22-187" name="RestAPI.PostRequest" tests="1" failures="0" timestamp="07 Dec 2021 09:23:14 GMT" time="1.595" errors="0">
  <testcase name="PostCall" time="1.595" classname="RestAPI.PostRequest"/>
</testsuite> <!-- RestAPI.PostRequest -->
